<?xml version="1.0" encoding="UTF-8"?>
<robot generator="Robot 6.0.2 (Python 3.10.7 on win32)" generated="20230330 02:17:40.070" rpa="false" schemaversion="3">
<suite id="s1" name="Regression-Script" source="C:\School\Testing\scripts\regression-script.robot">
<test id="s1-t1" name="Open Test Application" line="11">
<kw name="Open Application" library="AppiumLibrary">
<arg>${localhost}</arg>
<arg>platformName=android</arg>
<arg>deviceName=emulator-5554</arg>
<arg>newCommandTimeout=600</arg>
<arg>appPackage=com.example.smart_view</arg>
<arg>appActivity=com.example.smart_view.MainActivity</arg>
<arg>automationName=UiAutomator2</arg>
<doc>Opens a new application to given Appium server.
Capabilities of appium server, Android and iOS,
Please check https://github.com/appium/appium/blob/master/docs/en/writing-running-appium/server-args.md
| *Option*            | *Man.* | *Description*     |
| remote_url          | Yes    | Appium server url |
| alias               | no     | alias             |
| strict_ssl          | No     | allows you to send commands to an invalid certificate host like a self-signed one. |</doc>
<status status="PASS" starttime="20230330 02:17:40.245" endtime="20230330 02:17:54.674"/>
</kw>
<status status="PASS" starttime="20230330 02:17:40.245" endtime="20230330 02:17:54.675"/>
</test>
<test id="s1-t2" name="Wait for Main Page to Appear" line="14">
<kw name="Wait Until Page Contains Element" library="AppiumLibrary">
<arg>//android.view.View[@content-desc="SmartView"]</arg>
<arg>100</arg>
<doc>Waits until element specified with `locator` appears on current page.</doc>
<msg timestamp="20230330 02:17:56.337" level="INFO">xpath criteria: //android.view.View[@content-desc="SmartView"]</msg>
<status status="PASS" starttime="20230330 02:17:54.676" endtime="20230330 02:17:56.338"/>
</kw>
<status status="PASS" starttime="20230330 02:17:54.675" endtime="20230330 02:17:56.338"/>
</test>
<test id="s1-t3" name="Enter Forget Password Page" line="17">
<kw name="Wait Until Page Contains Element" library="AppiumLibrary">
<arg>//android.view.View[@content-desc="Forgot Password?"]</arg>
<arg>100</arg>
<doc>Waits until element specified with `locator` appears on current page.</doc>
<msg timestamp="20230330 02:17:58.895" level="INFO">xpath criteria: //android.view.View[@content-desc="Forgot Password?"]
xpath criteria: //android.view.View[@content-desc="Forgot Password?"]
xpath criteria: //android.view.View[@content-desc="Forgot Password?"]
xpath criteria: //android.view.View[@content-desc="Forgot Password?"]
xpath criteria: //android.view.View[@content-desc="Forgot Password?"]</msg>
<status status="PASS" starttime="20230330 02:17:56.339" endtime="20230330 02:17:58.895"/>
</kw>
<kw name="Click Element" library="AppiumLibrary">
<arg>//android.view.View[@content-desc="Forgot Password?"]</arg>
<doc>Click element identified by `locator`.</doc>
<msg timestamp="20230330 02:17:58.897" level="INFO">Clicking element '//android.view.View[@content-desc="Forgot Password?"]'.</msg>
<msg timestamp="20230330 02:17:59.028" level="INFO">xpath criteria: //android.view.View[@content-desc="Forgot Password?"]</msg>
<status status="PASS" starttime="20230330 02:17:58.896" endtime="20230330 02:17:59.028"/>
</kw>
<kw name="Wait Until Page Contains" library="AppiumLibrary">
<arg>${forgetpasswordtitle}</arg>
<arg>100</arg>
<doc>Waits until `text` appears on current page.</doc>
<status status="PASS" starttime="20230330 02:17:59.028" endtime="20230330 02:18:00.119"/>
</kw>
<kw name="Page Should Contain Element" library="AppiumLibrary">
<arg>//*[@class="android.widget.Button"][@index="0"]</arg>
<doc>Verifies that current page contains `locator` element.</doc>
<msg timestamp="20230330 02:18:00.297" level="INFO">Current page contains element '//*[@class="android.widget.Button"][@index="0"]'.</msg>
<msg timestamp="20230330 02:18:00.297" level="INFO">xpath criteria: //*[@class="android.widget.Button"][@index="0"]</msg>
<status status="PASS" starttime="20230330 02:18:00.119" endtime="20230330 02:18:00.297"/>
</kw>
<kw name="Page Should Contain Element" library="AppiumLibrary">
<arg>//android.view.View[@content-desc="SmartView"]</arg>
<doc>Verifies that current page contains `locator` element.</doc>
<msg timestamp="20230330 02:18:00.462" level="INFO">Current page contains element '//android.view.View[@content-desc="SmartView"]'.</msg>
<msg timestamp="20230330 02:18:00.463" level="INFO">xpath criteria: //android.view.View[@content-desc="SmartView"]</msg>
<status status="PASS" starttime="20230330 02:18:00.298" endtime="20230330 02:18:00.463"/>
</kw>
<kw name="Page Should Contain Element" library="AppiumLibrary">
<arg>//*[@class="android.widget.ImageView"][@index="1"]</arg>
<doc>Verifies that current page contains `locator` element.</doc>
<msg timestamp="20230330 02:18:00.490" level="INFO">Current page contains element '//*[@class="android.widget.ImageView"][@index="1"]'.</msg>
<msg timestamp="20230330 02:18:00.490" level="INFO">xpath criteria: //*[@class="android.widget.ImageView"][@index="1"]</msg>
<status status="PASS" starttime="20230330 02:18:00.463" endtime="20230330 02:18:00.490"/>
</kw>
<kw name="Page Should Contain Element" library="AppiumLibrary">
<arg>//*[@class="android.widget.EditText"][@index="3"]</arg>
<doc>Verifies that current page contains `locator` element.</doc>
<msg timestamp="20230330 02:18:00.610" level="INFO">Current page contains element '//*[@class="android.widget.EditText"][@index="3"]'.</msg>
<msg timestamp="20230330 02:18:00.610" level="INFO">xpath criteria: //*[@class="android.widget.EditText"][@index="3"]</msg>
<status status="PASS" starttime="20230330 02:18:00.491" endtime="20230330 02:18:00.610"/>
</kw>
<kw name="Click Element" library="AppiumLibrary">
<arg>//*[@class="android.widget.EditText"][@index="3"]</arg>
<doc>Click element identified by `locator`.</doc>
<msg timestamp="20230330 02:18:00.611" level="INFO">Clicking element '//*[@class="android.widget.EditText"][@index="3"]'.</msg>
<msg timestamp="20230330 02:18:00.726" level="INFO">xpath criteria: //*[@class="android.widget.EditText"][@index="3"]</msg>
<status status="PASS" starttime="20230330 02:18:00.611" endtime="20230330 02:18:00.726"/>
</kw>
<kw name="Input Text" library="AppiumLibrary">
<arg>//*[@class="android.widget.EditText"][@index="3"]</arg>
<arg>test@gmail.com</arg>
<doc>Types the given `text` into text field identified by `locator`.</doc>
<msg timestamp="20230330 02:18:00.727" level="INFO">Typing text 'test@gmail.com' into text field '//*[@class="android.widget.EditText"][@index="3"]'</msg>
<msg timestamp="20230330 02:18:01.536" level="INFO">xpath criteria: //*[@class="android.widget.EditText"][@index="3"]</msg>
<status status="PASS" starttime="20230330 02:18:00.726" endtime="20230330 02:18:01.536"/>
</kw>
<kw name="Sleep" library="BuiltIn">
<arg>1</arg>
<doc>Pauses the test executed for the given time.</doc>
<msg timestamp="20230330 02:18:02.542" level="INFO">Slept 1 second</msg>
<status status="PASS" starttime="20230330 02:18:01.536" endtime="20230330 02:18:02.542"/>
</kw>
<status status="PASS" starttime="20230330 02:17:56.338" endtime="20230330 02:18:02.543"/>
</test>
<test id="s1-t4" name="Submit Email To Next Page" line="29">
<kw name="Click Element" library="AppiumLibrary">
<arg>//android.widget.Button[@content-desc="Reset my password"]</arg>
<doc>Click element identified by `locator`.</doc>
<msg timestamp="20230330 02:18:02.546" level="INFO">Clicking element '//android.widget.Button[@content-desc="Reset my password"]'.</msg>
<msg timestamp="20230330 02:18:03.028" level="INFO">xpath criteria: //android.widget.Button[@content-desc="Reset my password"]</msg>
<status status="PASS" starttime="20230330 02:18:02.544" endtime="20230330 02:18:03.028"/>
</kw>
<kw name="Wait Until Page Contains" library="AppiumLibrary">
<arg>${forgetpasswordconfirmationtitle}</arg>
<arg>100</arg>
<doc>Waits until `text` appears on current page.</doc>
<status status="PASS" starttime="20230330 02:18:03.029" endtime="20230330 02:18:04.137"/>
</kw>
<kw name="Page Should Contain Element" library="AppiumLibrary">
<arg>//android.view.View[@content-desc="SmartView"]</arg>
<doc>Verifies that current page contains `locator` element.</doc>
<msg timestamp="20230330 02:18:04.356" level="INFO">Current page contains element '//android.view.View[@content-desc="SmartView"]'.</msg>
<msg timestamp="20230330 02:18:04.356" level="INFO">xpath criteria: //android.view.View[@content-desc="SmartView"]</msg>
<status status="PASS" starttime="20230330 02:18:04.137" endtime="20230330 02:18:04.356"/>
</kw>
<kw name="Page Should Contain Element" library="AppiumLibrary">
<arg>//*[@class="android.widget.ImageView"][@index="1"]</arg>
<doc>Verifies that current page contains `locator` element.</doc>
<msg timestamp="20230330 02:18:04.456" level="INFO">Current page contains element '//*[@class="android.widget.ImageView"][@index="1"]'.</msg>
<msg timestamp="20230330 02:18:04.456" level="INFO">xpath criteria: //*[@class="android.widget.ImageView"][@index="1"]</msg>
<status status="PASS" starttime="20230330 02:18:04.357" endtime="20230330 02:18:04.456"/>
</kw>
<status status="PASS" starttime="20230330 02:18:02.544" endtime="20230330 02:18:04.457"/>
</test>
<test id="s1-t5" name="Return Back to Login Page" line="35">
<kw name="Click Element" library="AppiumLibrary">
<arg>//android.widget.Button[@content-desc="Back to login"]</arg>
<doc>Click element identified by `locator`.</doc>
<msg timestamp="20230330 02:18:04.459" level="INFO">Clicking element '//android.widget.Button[@content-desc="Back to login"]'.</msg>
<msg timestamp="20230330 02:18:04.558" level="INFO">xpath criteria: //android.widget.Button[@content-desc="Back to login"]</msg>
<status status="PASS" starttime="20230330 02:18:04.458" endtime="20230330 02:18:04.558"/>
</kw>
<kw name="Wait Until Page Contains Element" library="AppiumLibrary">
<arg>//android.view.View[@content-desc="SmartView"]</arg>
<arg>100</arg>
<doc>Waits until element specified with `locator` appears on current page.</doc>
<msg timestamp="20230330 02:18:05.582" level="INFO">xpath criteria: //android.view.View[@content-desc="SmartView"]</msg>
<status status="PASS" starttime="20230330 02:18:04.559" endtime="20230330 02:18:05.582"/>
</kw>
<kw name="Page Should Contain Element" library="AppiumLibrary">
<arg>//*[@class="android.widget.ImageView"][@index="1"]</arg>
<doc>Verifies that current page contains `locator` element.</doc>
<msg timestamp="20230330 02:18:05.737" level="INFO">Current page contains element '//*[@class="android.widget.ImageView"][@index="1"]'.</msg>
<msg timestamp="20230330 02:18:05.737" level="INFO">xpath criteria: //*[@class="android.widget.ImageView"][@index="1"]</msg>
<status status="PASS" starttime="20230330 02:18:05.582" endtime="20230330 02:18:05.737"/>
</kw>
<kw name="Page Should Contain Element" library="AppiumLibrary">
<arg>//*[@class="android.widget.EditText"][@index="2"]</arg>
<doc>Verifies that current page contains `locator` element.</doc>
<msg timestamp="20230330 02:18:05.827" level="INFO">Current page contains element '//*[@class="android.widget.EditText"][@index="2"]'.</msg>
<msg timestamp="20230330 02:18:05.827" level="INFO">xpath criteria: //*[@class="android.widget.EditText"][@index="2"]</msg>
<status status="PASS" starttime="20230330 02:18:05.738" endtime="20230330 02:18:05.827"/>
</kw>
<kw name="Page Should Contain Element" library="AppiumLibrary">
<arg>//*[@class="android.widget.EditText"][@index="3"]</arg>
<doc>Verifies that current page contains `locator` element.</doc>
<msg timestamp="20230330 02:18:06.077" level="INFO">Current page contains element '//*[@class="android.widget.EditText"][@index="3"]'.</msg>
<msg timestamp="20230330 02:18:06.077" level="INFO">xpath criteria: //*[@class="android.widget.EditText"][@index="3"]</msg>
<status status="PASS" starttime="20230330 02:18:05.828" endtime="20230330 02:18:06.077"/>
</kw>
<kw name="Click Element" library="AppiumLibrary">
<arg>//*[@class="android.widget.EditText"][@index="2"]</arg>
<doc>Click element identified by `locator`.</doc>
<msg timestamp="20230330 02:18:06.079" level="INFO">Clicking element '//*[@class="android.widget.EditText"][@index="2"]'.</msg>
<msg timestamp="20230330 02:18:06.295" level="INFO">xpath criteria: //*[@class="android.widget.EditText"][@index="2"]</msg>
<status status="PASS" starttime="20230330 02:18:06.078" endtime="20230330 02:18:06.295"/>
</kw>
<kw name="Input Text" library="AppiumLibrary">
<arg>//*[@class="android.widget.EditText"][@index="2"]</arg>
<arg>test</arg>
<doc>Types the given `text` into text field identified by `locator`.</doc>
<msg timestamp="20230330 02:18:06.296" level="INFO">Typing text 'test' into text field '//*[@class="android.widget.EditText"][@index="2"]'</msg>
<msg timestamp="20230330 02:18:07.429" level="INFO">xpath criteria: //*[@class="android.widget.EditText"][@index="2"]</msg>
<status status="PASS" starttime="20230330 02:18:06.295" endtime="20230330 02:18:07.430"/>
</kw>
<kw name="Sleep" library="BuiltIn">
<arg>1</arg>
<doc>Pauses the test executed for the given time.</doc>
<msg timestamp="20230330 02:18:08.446" level="INFO">Slept 1 second</msg>
<status status="PASS" starttime="20230330 02:18:07.430" endtime="20230330 02:18:08.446"/>
</kw>
<kw name="Click Element" library="AppiumLibrary">
<arg>//*[@class="android.widget.EditText"][@index="3"]</arg>
<doc>Click element identified by `locator`.</doc>
<msg timestamp="20230330 02:18:08.449" level="INFO">Clicking element '//*[@class="android.widget.EditText"][@index="3"]'.</msg>
<msg timestamp="20230330 02:18:08.627" level="INFO">xpath criteria: //*[@class="android.widget.EditText"][@index="3"]</msg>
<status status="PASS" starttime="20230330 02:18:08.447" endtime="20230330 02:18:08.627"/>
</kw>
<kw name="Input Text" library="AppiumLibrary">
<arg>//*[@class="android.widget.EditText"][@index="3"]</arg>
<arg>test123</arg>
<doc>Types the given `text` into text field identified by `locator`.</doc>
<msg timestamp="20230330 02:18:08.628" level="INFO">Typing text 'test123' into text field '//*[@class="android.widget.EditText"][@index="3"]'</msg>
<msg timestamp="20230330 02:18:09.214" level="INFO">xpath criteria: //*[@class="android.widget.EditText"][@index="3"]</msg>
<status status="PASS" starttime="20230330 02:18:08.627" endtime="20230330 02:18:09.214"/>
</kw>
<kw name="Sleep" library="BuiltIn">
<arg>1</arg>
<doc>Pauses the test executed for the given time.</doc>
<msg timestamp="20230330 02:18:10.221" level="INFO">Slept 1 second</msg>
<status status="PASS" starttime="20230330 02:18:09.215" endtime="20230330 02:18:10.221"/>
</kw>
<status status="PASS" starttime="20230330 02:18:04.458" endtime="20230330 02:18:10.221"/>
</test>
<test id="s1-t6" name="Navigate to Main Page" line="48">
<kw name="Click Element" library="AppiumLibrary">
<arg>//android.widget.Button[@content-desc="Sign In"]</arg>
<doc>Click element identified by `locator`.</doc>
<msg timestamp="20230330 02:18:10.225" level="INFO">Clicking element '//android.widget.Button[@content-desc="Sign In"]'.</msg>
<msg timestamp="20230330 02:18:10.874" level="INFO">xpath criteria: //android.widget.Button[@content-desc="Sign In"]</msg>
<status status="PASS" starttime="20230330 02:18:10.224" endtime="20230330 02:18:10.874"/>
</kw>
<kw name="Wait Until Page Contains Element" library="AppiumLibrary">
<arg>xpath=(//*[@class="android.view.View"][@index="0"])[6]</arg>
<arg>100</arg>
<doc>Waits until element specified with `locator` appears on current page.</doc>
<msg timestamp="20230330 02:18:12.494" level="INFO">xpath criteria: (//*[@class="android.view.View"][@index="0"])[6]
xpath criteria: (//*[@class="android.view.View"][@index="0"])[6]</msg>
<status status="PASS" starttime="20230330 02:18:10.874" endtime="20230330 02:18:12.494"/>
</kw>
<kw name="Page Should Contain Element" library="AppiumLibrary">
<arg>xpath=(//*[@class="android.view.View"][@index="3"])[1]</arg>
<doc>Verifies that current page contains `locator` element.</doc>
<msg timestamp="20230330 02:18:12.672" level="INFO">Current page contains element 'xpath=(//*[@class="android.view.View"][@index="3"])[1]'.</msg>
<msg timestamp="20230330 02:18:12.672" level="INFO">xpath criteria: (//*[@class="android.view.View"][@index="3"])[1]</msg>
<status status="PASS" starttime="20230330 02:18:12.495" endtime="20230330 02:18:12.672"/>
</kw>
<kw name="Page Should Contain Element" library="AppiumLibrary">
<arg>xpath=(//*[@class="android.view.View"][@index="4"])</arg>
<doc>Verifies that current page contains `locator` element.</doc>
<msg timestamp="20230330 02:18:12.945" level="INFO">Current page contains element 'xpath=(//*[@class="android.view.View"][@index="4"])'.</msg>
<msg timestamp="20230330 02:18:12.945" level="INFO">xpath criteria: (//*[@class="android.view.View"][@index="4"])</msg>
<status status="PASS" starttime="20230330 02:18:12.674" endtime="20230330 02:18:12.945"/>
</kw>
<kw name="Page Should Contain Element" library="AppiumLibrary">
<arg>xpath=(//*[@class="android.view.View"][@index="5"])</arg>
<doc>Verifies that current page contains `locator` element.</doc>
<msg timestamp="20230330 02:18:13.040" level="INFO">Current page contains element 'xpath=(//*[@class="android.view.View"][@index="5"])'.</msg>
<msg timestamp="20230330 02:18:13.040" level="INFO">xpath criteria: (//*[@class="android.view.View"][@index="5"])</msg>
<status status="PASS" starttime="20230330 02:18:12.946" endtime="20230330 02:18:13.040"/>
</kw>
<kw name="Page Should Contain Element" library="AppiumLibrary">
<arg>xpath=(//*[@class="android.widget.Button"][@index="1"])[1]</arg>
<doc>Verifies that current page contains `locator` element.</doc>
<msg timestamp="20230330 02:18:13.074" level="INFO">Current page contains element 'xpath=(//*[@class="android.widget.Button"][@index="1"])[1]'.</msg>
<msg timestamp="20230330 02:18:13.074" level="INFO">xpath criteria: (//*[@class="android.widget.Button"][@index="1"])[1]</msg>
<status status="PASS" starttime="20230330 02:18:13.041" endtime="20230330 02:18:13.074"/>
</kw>
<kw name="Page Should Contain Element" library="AppiumLibrary">
<arg>xpath=(//*[@class="android.widget.Button"][@index="2"])[1]</arg>
<doc>Verifies that current page contains `locator` element.</doc>
<msg timestamp="20230330 02:18:13.161" level="INFO">Current page contains element 'xpath=(//*[@class="android.widget.Button"][@index="2"])[1]'.</msg>
<msg timestamp="20230330 02:18:13.161" level="INFO">xpath criteria: (//*[@class="android.widget.Button"][@index="2"])[1]</msg>
<status status="PASS" starttime="20230330 02:18:13.074" endtime="20230330 02:18:13.161"/>
</kw>
<kw name="Page Should Contain Element" library="AppiumLibrary">
<arg>xpath=(//*[@class="android.widget.Button"][@index="1"])[2]</arg>
<doc>Verifies that current page contains `locator` element.</doc>
<msg timestamp="20230330 02:18:13.801" level="INFO">Current page contains element 'xpath=(//*[@class="android.widget.Button"][@index="1"])[2]'.</msg>
<msg timestamp="20230330 02:18:13.801" level="INFO">xpath criteria: (//*[@class="android.widget.Button"][@index="1"])[2]</msg>
<status status="PASS" starttime="20230330 02:18:13.161" endtime="20230330 02:18:13.801"/>
</kw>
<kw name="Page Should Contain Element" library="AppiumLibrary">
<arg>xpath=(//*[@class="android.widget.Button"][@index="2"])[2]</arg>
<doc>Verifies that current page contains `locator` element.</doc>
<msg timestamp="20230330 02:18:14.032" level="INFO">Current page contains element 'xpath=(//*[@class="android.widget.Button"][@index="2"])[2]'.</msg>
<msg timestamp="20230330 02:18:14.032" level="INFO">xpath criteria: (//*[@class="android.widget.Button"][@index="2"])[2]</msg>
<status status="PASS" starttime="20230330 02:18:13.801" endtime="20230330 02:18:14.032"/>
</kw>
<kw name="Page Should Contain Element" library="AppiumLibrary">
<arg>xpath=(//*[@class="android.view.View"][@index="0"])[8]</arg>
<doc>Verifies that current page contains `locator` element.</doc>
<msg timestamp="20230330 02:18:14.391" level="INFO">Current page contains element 'xpath=(//*[@class="android.view.View"][@index="0"])[8]'.</msg>
<msg timestamp="20230330 02:18:14.391" level="INFO">xpath criteria: (//*[@class="android.view.View"][@index="0"])[8]</msg>
<status status="PASS" starttime="20230330 02:18:14.033" endtime="20230330 02:18:14.391"/>
</kw>
<status status="PASS" starttime="20230330 02:18:10.223" endtime="20230330 02:18:14.391"/>
</test>
<test id="s1-t7" name="Enter Settings Page" line="60">
<kw name="Click Element" library="AppiumLibrary">
<arg>xpath=(//*[@class="android.widget.Button"][@index="1"])[1]</arg>
<doc>Click element identified by `locator`.</doc>
<msg timestamp="20230330 02:18:14.394" level="INFO">Clicking element 'xpath=(//*[@class="android.widget.Button"][@index="1"])[1]'.</msg>
<msg timestamp="20230330 02:18:15.437" level="INFO">xpath criteria: (//*[@class="android.widget.Button"][@index="1"])[1]</msg>
<status status="PASS" starttime="20230330 02:18:14.392" endtime="20230330 02:18:15.437"/>
</kw>
<kw name="Wait Until Page Contains Element" library="AppiumLibrary">
<arg>xpath=(//*[@class="android.view.View"][@index="0"])[7]</arg>
<arg>100</arg>
<doc>Waits until element specified with `locator` appears on current page.</doc>
<msg timestamp="20230330 02:18:15.457" level="INFO">xpath criteria: (//*[@class="android.view.View"][@index="0"])[7]</msg>
<status status="PASS" starttime="20230330 02:18:15.438" endtime="20230330 02:18:15.457"/>
</kw>
<kw name="Page Should Contain Element" library="AppiumLibrary">
<arg>xpath=(//*[@class="android.widget.Button"][@index="0"])</arg>
<doc>Verifies that current page contains `locator` element.</doc>
<msg timestamp="20230330 02:18:15.478" level="INFO">Current page contains element 'xpath=(//*[@class="android.widget.Button"][@index="0"])'.</msg>
<msg timestamp="20230330 02:18:15.478" level="INFO">xpath criteria: (//*[@class="android.widget.Button"][@index="0"])</msg>
<status status="PASS" starttime="20230330 02:18:15.457" endtime="20230330 02:18:15.478"/>
</kw>
<kw name="Page Should Contain Element" library="AppiumLibrary">
<arg>xpath=(//*[@class="android.view.View"][@index="2"])</arg>
<doc>Verifies that current page contains `locator` element.</doc>
<msg timestamp="20230330 02:18:15.535" level="INFO">Current page contains element 'xpath=(//*[@class="android.view.View"][@index="2"])'.</msg>
<msg timestamp="20230330 02:18:15.535" level="INFO">xpath criteria: (//*[@class="android.view.View"][@index="2"])</msg>
<status status="PASS" starttime="20230330 02:18:15.478" endtime="20230330 02:18:15.535"/>
</kw>
<kw name="Page Should Contain Element" library="AppiumLibrary">
<arg>xpath=(//*[@class="android.view.View"][@index="5"])</arg>
<doc>Verifies that current page contains `locator` element.</doc>
<msg timestamp="20230330 02:18:15.556" level="INFO">Current page contains element 'xpath=(//*[@class="android.view.View"][@index="5"])'.</msg>
<msg timestamp="20230330 02:18:15.556" level="INFO">xpath criteria: (//*[@class="android.view.View"][@index="5"])</msg>
<status status="PASS" starttime="20230330 02:18:15.535" endtime="20230330 02:18:15.556"/>
</kw>
<kw name="Page Should Contain Element" library="AppiumLibrary">
<arg>xpath=(//*[@class="android.view.View"][@index="8"])</arg>
<doc>Verifies that current page contains `locator` element.</doc>
<msg timestamp="20230330 02:18:15.669" level="INFO">Current page contains element 'xpath=(//*[@class="android.view.View"][@index="8"])'.</msg>
<msg timestamp="20230330 02:18:15.669" level="INFO">xpath criteria: (//*[@class="android.view.View"][@index="8"])</msg>
<status status="PASS" starttime="20230330 02:18:15.557" endtime="20230330 02:18:15.669"/>
</kw>
<kw name="Page Should Contain Element" library="AppiumLibrary">
<arg>xpath=(//*[@class="android.view.View"][@index="3"])</arg>
<doc>Verifies that current page contains `locator` element.</doc>
<msg timestamp="20230330 02:18:15.730" level="INFO">Current page contains element 'xpath=(//*[@class="android.view.View"][@index="3"])'.</msg>
<msg timestamp="20230330 02:18:15.730" level="INFO">xpath criteria: (//*[@class="android.view.View"][@index="3"])</msg>
<status status="PASS" starttime="20230330 02:18:15.670" endtime="20230330 02:18:15.730"/>
</kw>
<kw name="Page Should Contain Element" library="AppiumLibrary">
<arg>xpath=(//*[@class="android.view.View"][@index="6"])</arg>
<doc>Verifies that current page contains `locator` element.</doc>
<msg timestamp="20230330 02:18:15.756" level="INFO">Current page contains element 'xpath=(//*[@class="android.view.View"][@index="6"])'.</msg>
<msg timestamp="20230330 02:18:15.756" level="INFO">xpath criteria: (//*[@class="android.view.View"][@index="6"])</msg>
<status status="PASS" starttime="20230330 02:18:15.731" endtime="20230330 02:18:15.756"/>
</kw>
<kw name="Page Should Contain Element" library="AppiumLibrary">
<arg>xpath=(//*[@class="android.view.View"][@index="9"])</arg>
<doc>Verifies that current page contains `locator` element.</doc>
<msg timestamp="20230330 02:18:15.851" level="INFO">Current page contains element 'xpath=(//*[@class="android.view.View"][@index="9"])'.</msg>
<msg timestamp="20230330 02:18:15.851" level="INFO">xpath criteria: (//*[@class="android.view.View"][@index="9"])</msg>
<status status="PASS" starttime="20230330 02:18:15.757" endtime="20230330 02:18:15.852"/>
</kw>
<status status="PASS" starttime="20230330 02:18:14.392" endtime="20230330 02:18:15.852"/>
</test>
<test id="s1-t8" name="Enter Settings Account" line="71">
<kw name="Click Element" library="AppiumLibrary">
<arg>xpath=(//*[@class="android.view.View"][@index="2"])</arg>
<doc>Click element identified by `locator`.</doc>
<msg timestamp="20230330 02:18:15.854" level="INFO">Clicking element 'xpath=(//*[@class="android.view.View"][@index="2"])'.</msg>
<msg timestamp="20230330 02:18:15.976" level="INFO">xpath criteria: (//*[@class="android.view.View"][@index="2"])</msg>
<status status="PASS" starttime="20230330 02:18:15.853" endtime="20230330 02:18:15.976"/>
</kw>
<kw name="Wait Until Page Contains Element" library="AppiumLibrary">
<arg>xpath=(//*[@class="android.view.View"][@index="0"])[7]</arg>
<arg>100</arg>
<doc>Waits until element specified with `locator` appears on current page.</doc>
<msg timestamp="20230330 02:18:15.998" level="INFO">xpath criteria: (//*[@class="android.view.View"][@index="0"])[7]</msg>
<status status="PASS" starttime="20230330 02:18:15.976" endtime="20230330 02:18:15.999"/>
</kw>
<kw name="Page Should Contain Element" library="AppiumLibrary">
<arg>xpath=(//*[@class="android.view.View"][@index="2"])</arg>
<doc>Verifies that current page contains `locator` element.</doc>
<msg timestamp="20230330 02:18:16.023" level="INFO">Current page contains element 'xpath=(//*[@class="android.view.View"][@index="2"])'.</msg>
<msg timestamp="20230330 02:18:16.023" level="INFO">xpath criteria: (//*[@class="android.view.View"][@index="2"])</msg>
<status status="PASS" starttime="20230330 02:18:15.999" endtime="20230330 02:18:16.023"/>
</kw>
<kw name="Page Should Contain Element" library="AppiumLibrary">
<arg>xpath=(//*[@class="android.view.View"][@index="3"])</arg>
<doc>Verifies that current page contains `locator` element.</doc>
<msg timestamp="20230330 02:18:16.179" level="INFO">Current page contains element 'xpath=(//*[@class="android.view.View"][@index="3"])'.</msg>
<msg timestamp="20230330 02:18:16.179" level="INFO">xpath criteria: (//*[@class="android.view.View"][@index="3"])</msg>
<status status="PASS" starttime="20230330 02:18:16.023" endtime="20230330 02:18:16.179"/>
</kw>
<status status="PASS" starttime="20230330 02:18:15.852" endtime="20230330 02:18:16.180"/>
</test>
<test id="s1-t9" name="Return to Main Page" line="77">
<kw name="Click Element" library="AppiumLibrary">
<arg>xpath=(//*[@class="android.widget.Button"][@index="0"])</arg>
<doc>Click element identified by `locator`.</doc>
<msg timestamp="20230330 02:18:16.181" level="INFO">Clicking element 'xpath=(//*[@class="android.widget.Button"][@index="0"])'.</msg>
<msg timestamp="20230330 02:18:17.445" level="INFO">xpath criteria: (//*[@class="android.widget.Button"][@index="0"])</msg>
<status status="PASS" starttime="20230330 02:18:16.181" endtime="20230330 02:18:17.445"/>
</kw>
<kw name="Wait Until Page Contains Element" library="AppiumLibrary">
<arg>xpath=(//*[@class="android.view.View"][@index="0"])[6]</arg>
<arg>100</arg>
<doc>Waits until element specified with `locator` appears on current page.</doc>
<msg timestamp="20230330 02:18:17.617" level="INFO">xpath criteria: (//*[@class="android.view.View"][@index="0"])[6]</msg>
<status status="PASS" starttime="20230330 02:18:17.447" endtime="20230330 02:18:17.617"/>
</kw>
<status status="PASS" starttime="20230330 02:18:16.180" endtime="20230330 02:18:17.618"/>
</test>
<test id="s1-t10" name="Click into Ongoing Tab" line="81">
<kw name="Click Element" library="AppiumLibrary">
<arg>xpath=(//*[@class="android.view.View"][@index="4"])</arg>
<doc>Click element identified by `locator`.</doc>
<msg timestamp="20230330 02:18:17.619" level="INFO">Clicking element 'xpath=(//*[@class="android.view.View"][@index="4"])'.</msg>
<msg timestamp="20230330 02:18:17.710" level="INFO">xpath criteria: (//*[@class="android.view.View"][@index="4"])</msg>
<status status="PASS" starttime="20230330 02:18:17.618" endtime="20230330 02:18:17.710"/>
</kw>
<kw name="Wait Until Page Contains Element" library="AppiumLibrary">
<arg>xpath=(//*[@class="android.view.View"][@index="0"])[8]</arg>
<arg>100</arg>
<doc>Waits until element specified with `locator` appears on current page.</doc>
<msg timestamp="20230330 02:18:18.343" level="INFO">xpath criteria: (//*[@class="android.view.View"][@index="0"])[8]</msg>
<status status="PASS" starttime="20230330 02:18:17.710" endtime="20230330 02:18:18.343"/>
</kw>
<status status="PASS" starttime="20230330 02:18:17.618" endtime="20230330 02:18:18.344"/>
</test>
<test id="s1-t11" name="Click into Completed Tab" line="85">
<kw name="Click Element" library="AppiumLibrary">
<arg>xpath=(//*[@class="android.view.View"][@index="5"])</arg>
<doc>Click element identified by `locator`.</doc>
<msg timestamp="20230330 02:18:18.345" level="INFO">Clicking element 'xpath=(//*[@class="android.view.View"][@index="5"])'.</msg>
<msg timestamp="20230330 02:18:18.541" level="INFO">xpath criteria: (//*[@class="android.view.View"][@index="5"])</msg>
<status status="PASS" starttime="20230330 02:18:18.345" endtime="20230330 02:18:18.541"/>
</kw>
<kw name="Wait Until Page Contains Element" library="AppiumLibrary">
<arg>xpath=(//*[@class="android.view.View"][@index="0"])[8]</arg>
<arg>100</arg>
<doc>Waits until element specified with `locator` appears on current page.</doc>
<msg timestamp="20230330 02:18:19.228" level="INFO">xpath criteria: (//*[@class="android.view.View"][@index="0"])[8]</msg>
<status status="PASS" starttime="20230330 02:18:18.541" endtime="20230330 02:18:19.229"/>
</kw>
<status status="PASS" starttime="20230330 02:18:18.344" endtime="20230330 02:18:19.229"/>
</test>
<test id="s1-t12" name="Click Sort Tab" line="89">
<kw name="Click Element" library="AppiumLibrary">
<arg>xpath=(//*[@class="android.widget.Button"][@index="1"])[2]</arg>
<doc>Click element identified by `locator`.</doc>
<msg timestamp="20230330 02:18:19.231" level="INFO">Clicking element 'xpath=(//*[@class="android.widget.Button"][@index="1"])[2]'.</msg>
<msg timestamp="20230330 02:18:20.264" level="INFO">xpath criteria: (//*[@class="android.widget.Button"][@index="1"])[2]</msg>
<status status="PASS" starttime="20230330 02:18:19.230" endtime="20230330 02:18:20.264"/>
</kw>
<kw name="Wait Until Page Contains Element" library="AppiumLibrary">
<arg>xpath=(//*[@class="android.view.View"][@index="1"])[1]</arg>
<arg>100</arg>
<doc>Waits until element specified with `locator` appears on current page.</doc>
<msg timestamp="20230330 02:18:20.359" level="INFO">xpath criteria: (//*[@class="android.view.View"][@index="1"])[1]</msg>
<status status="PASS" starttime="20230330 02:18:20.264" endtime="20230330 02:18:20.359"/>
</kw>
<kw name="Page Should Contain Element" library="AppiumLibrary">
<arg>xpath=(//*[@class="android.widget.RadioButton"][@index="2"])</arg>
<doc>Verifies that current page contains `locator` element.</doc>
<msg timestamp="20230330 02:18:20.504" level="INFO">Current page contains element 'xpath=(//*[@class="android.widget.RadioButton"][@index="2"])'.</msg>
<msg timestamp="20230330 02:18:20.504" level="INFO">xpath criteria: (//*[@class="android.widget.RadioButton"][@index="2"])</msg>
<status status="PASS" starttime="20230330 02:18:20.360" endtime="20230330 02:18:20.505"/>
</kw>
<kw name="Page Should Contain Element" library="AppiumLibrary">
<arg>xpath=(//*[@class="android.widget.RadioButton"][@index="3"])</arg>
<doc>Verifies that current page contains `locator` element.</doc>
<msg timestamp="20230330 02:18:20.866" level="INFO">Current page contains element 'xpath=(//*[@class="android.widget.RadioButton"][@index="3"])'.</msg>
<msg timestamp="20230330 02:18:20.866" level="INFO">xpath criteria: (//*[@class="android.widget.RadioButton"][@index="3"])</msg>
<status status="PASS" starttime="20230330 02:18:20.505" endtime="20230330 02:18:20.866"/>
</kw>
<kw name="Page Should Contain Element" library="AppiumLibrary">
<arg>xpath=(//*[@class="android.widget.RadioButton"][@index="4"])</arg>
<doc>Verifies that current page contains `locator` element.</doc>
<msg timestamp="20230330 02:18:21.059" level="INFO">Current page contains element 'xpath=(//*[@class="android.widget.RadioButton"][@index="4"])'.</msg>
<msg timestamp="20230330 02:18:21.059" level="INFO">xpath criteria: (//*[@class="android.widget.RadioButton"][@index="4"])</msg>
<status status="PASS" starttime="20230330 02:18:20.866" endtime="20230330 02:18:21.059"/>
</kw>
<kw name="Page Should Contain Element" library="AppiumLibrary">
<arg>xpath=(//*[@class="android.widget.RadioButton"][@index="5"])</arg>
<doc>Verifies that current page contains `locator` element.</doc>
<msg timestamp="20230330 02:18:21.108" level="INFO">Current page contains element 'xpath=(//*[@class="android.widget.RadioButton"][@index="5"])'.</msg>
<msg timestamp="20230330 02:18:21.108" level="INFO">xpath criteria: (//*[@class="android.widget.RadioButton"][@index="5"])</msg>
<status status="PASS" starttime="20230330 02:18:21.059" endtime="20230330 02:18:21.108"/>
</kw>
<status status="PASS" starttime="20230330 02:18:19.230" endtime="20230330 02:18:21.108"/>
</test>
<test id="s1-t13" name="Click Filter Tab" line="97">
<kw name="Click Element" library="AppiumLibrary">
<arg>xpath=(//*[@class="android.widget.Button"][@index="0"])</arg>
<doc>Click element identified by `locator`.</doc>
<msg timestamp="20230330 02:18:21.110" level="INFO">Clicking element 'xpath=(//*[@class="android.widget.Button"][@index="0"])'.</msg>
<msg timestamp="20230330 02:18:21.902" level="INFO">xpath criteria: (//*[@class="android.widget.Button"][@index="0"])</msg>
<status status="PASS" starttime="20230330 02:18:21.109" endtime="20230330 02:18:21.902"/>
</kw>
<kw name="Click Element" library="AppiumLibrary">
<arg>xpath=(//*[@class="android.widget.Button"][@index="2"])[2]</arg>
<doc>Click element identified by `locator`.</doc>
<msg timestamp="20230330 02:18:21.903" level="INFO">Clicking element 'xpath=(//*[@class="android.widget.Button"][@index="2"])[2]'.</msg>
<msg timestamp="20230330 02:18:22.712" level="INFO">xpath criteria: (//*[@class="android.widget.Button"][@index="2"])[2]</msg>
<status status="PASS" starttime="20230330 02:18:21.903" endtime="20230330 02:18:22.712"/>
</kw>
<kw name="Wait Until Page Contains Element" library="AppiumLibrary">
<arg>xpath=(//*[@class="android.view.View"][@index="1"])[1]</arg>
<arg>100</arg>
<doc>Waits until element specified with `locator` appears on current page.</doc>
<msg timestamp="20230330 02:18:22.752" level="INFO">xpath criteria: (//*[@class="android.view.View"][@index="1"])[1]</msg>
<status status="PASS" starttime="20230330 02:18:22.712" endtime="20230330 02:18:22.752"/>
</kw>
<kw name="Page Should Contain Element" library="AppiumLibrary">
<arg>xpath=(//*[@class="android.widget.Button"][@index="2"])</arg>
<doc>Verifies that current page contains `locator` element.</doc>
<msg timestamp="20230330 02:18:22.871" level="INFO">Current page contains element 'xpath=(//*[@class="android.widget.Button"][@index="2"])'.</msg>
<msg timestamp="20230330 02:18:22.871" level="INFO">xpath criteria: (//*[@class="android.widget.Button"][@index="2"])</msg>
<status status="PASS" starttime="20230330 02:18:22.752" endtime="20230330 02:18:22.871"/>
</kw>
<kw name="Page Should Contain Element" library="AppiumLibrary">
<arg>xpath=(//*[@class="android.widget.Button"][@index="3"])</arg>
<doc>Verifies that current page contains `locator` element.</doc>
<msg timestamp="20230330 02:18:23.119" level="INFO">Current page contains element 'xpath=(//*[@class="android.widget.Button"][@index="3"])'.</msg>
<msg timestamp="20230330 02:18:23.120" level="INFO">xpath criteria: (//*[@class="android.widget.Button"][@index="3"])</msg>
<status status="PASS" starttime="20230330 02:18:22.871" endtime="20230330 02:18:23.120"/>
</kw>
<kw name="Page Should Contain Element" library="AppiumLibrary">
<arg>xpath=(//*[@class="android.widget.Button"][@index="4"])</arg>
<doc>Verifies that current page contains `locator` element.</doc>
<msg timestamp="20230330 02:18:23.365" level="INFO">Current page contains element 'xpath=(//*[@class="android.widget.Button"][@index="4"])'.</msg>
<msg timestamp="20230330 02:18:23.365" level="INFO">xpath criteria: (//*[@class="android.widget.Button"][@index="4"])</msg>
<status status="PASS" starttime="20230330 02:18:23.120" endtime="20230330 02:18:23.365"/>
</kw>
<kw name="Page Should Contain Element" library="AppiumLibrary">
<arg>xpath=(//*[@class="android.widget.Button"][@index="5"])</arg>
<doc>Verifies that current page contains `locator` element.</doc>
<msg timestamp="20230330 02:18:23.809" level="INFO">Current page contains element 'xpath=(//*[@class="android.widget.Button"][@index="5"])'.</msg>
<msg timestamp="20230330 02:18:23.809" level="INFO">xpath criteria: (//*[@class="android.widget.Button"][@index="5"])</msg>
<status status="PASS" starttime="20230330 02:18:23.365" endtime="20230330 02:18:23.809"/>
</kw>
<kw name="Page Should Contain Element" library="AppiumLibrary">
<arg>xpath=(//*[@class="android.widget.Button"][@index="6"])</arg>
<doc>Verifies that current page contains `locator` element.</doc>
<msg timestamp="20230330 02:18:24.141" level="INFO">Current page contains element 'xpath=(//*[@class="android.widget.Button"][@index="6"])'.</msg>
<msg timestamp="20230330 02:18:24.142" level="INFO">xpath criteria: (//*[@class="android.widget.Button"][@index="6"])</msg>
<status status="PASS" starttime="20230330 02:18:23.810" endtime="20230330 02:18:24.142"/>
</kw>
<kw name="Click Element" library="AppiumLibrary">
<arg>xpath=(//*[@class="android.widget.Button"][@index="0"])</arg>
<doc>Click element identified by `locator`.</doc>
<msg timestamp="20230330 02:18:24.143" level="INFO">Clicking element 'xpath=(//*[@class="android.widget.Button"][@index="0"])'.</msg>
<msg timestamp="20230330 02:18:25.068" level="INFO">xpath criteria: (//*[@class="android.widget.Button"][@index="0"])</msg>
<status status="PASS" starttime="20230330 02:18:24.142" endtime="20230330 02:18:25.068"/>
</kw>
<status status="PASS" starttime="20230330 02:18:21.108" endtime="20230330 02:18:25.069"/>
</test>
<status status="PASS" starttime="20230330 02:17:40.072" endtime="20230330 02:18:25.070"/>
</suite>
<statistics>
<total>
<stat pass="13" fail="0" skip="0">All Tests</stat>
</total>
<tag>
</tag>
<suite>
<stat pass="13" fail="0" skip="0" id="s1" name="Regression-Script">Regression-Script</stat>
</suite>
</statistics>
<errors>
</errors>
</robot>
